<?xml version="1.0" encoding="UTF-8"?>
<testng-results skipped="0" failed="0" total="1" passed="1">
  <reporter-output>
  </reporter-output>
  <suite name="Suite" duration-ms="3859" started-at="2017-05-30T06:45:19Z" finished-at="2017-05-30T06:45:23Z">
    <groups>
    </groups>
    <test name="Test" duration-ms="3859" started-at="2017-05-30T06:45:19Z" finished-at="2017-05-30T06:45:23Z">
      <class name="testrunner.Runner">
        <test-method status="PASS" signature="sendMail()[pri:0, instance:testrunner.Runner@57536d79]" name="sendMail" duration-ms="3858" started-at="2017-05-30T12:15:19Z" finished-at="2017-05-30T12:15:23Z">
          <reporter-output>
          </reporter-output>
        </test-method> <!-- sendMail -->
      </class> <!-- testrunner.Runner -->
    </test> <!-- Test -->
  </suite> <!-- Suite -->
</testng-results>
